Osiris_AndroidProject/Osiris_test2/app/build/intermediates/manifest_merge_blame_file/debug/manifest-merger-blame-debug-report.txt
1<?xml version="1.0" encoding="utf-8"?>
2<manifest xmlns:android="http://schemas.android.com/apk/res/android"
3    package="com.example.osiris_test2"
4    android:versionCode="1"
5    android:versionName="1.0" >
6
7    <uses-sdk
8        android:minSdkVersion="28"
8-->src\main\AndroidManifest.xml
9        android:targetSdkVersion="32" />
9-->src\main\AndroidManifest.xml
10
11    <uses-permission android:name="android.permission.ACCESS_NETWORK_STATE" />
11-->[com.google.firebase:firebase-messaging:23.1.0] AndroidManifest.xml:24:5-79
11-->[com.google.firebase:firebase-messaging:23.1.0] AndroidManifest.xml:24:22-76
12    <uses-permission android:name="android.permission.POST_NOTIFICATIONS" />
12-->[com.google.firebase:firebase-messaging:23.1.0] AndroidManifest.xml:25:5-77
12-->[com.google.firebase:firebase-messaging:23.1.0] AndroidManifest.xml:25:22-74
13    <uses-permission android:name="android.permission.WAKE_LOCK" /> <!-- Required by older versions of Google Play services to create IID tokens -->
13-->[com.google.firebase:firebase-messaging:23.1.0] AndroidManifest.xml:26:5-68
13-->[com.google.firebase:firebase-messaging:23.1.0] AndroidManifest.xml:26:22-65
14    <uses-permission android:name="com.google.android.c2dm.permission.RECEIVE" />
14-->[com.google.firebase:firebase-messaging:23.1.0] AndroidManifest.xml:28:5-82
14-->[com.google.firebase:firebase-messaging:23.1.0] AndroidManifest.xml:28:22-79
15    <uses-permission android:name="android.permission.INTERNET" />
15-->[com.google.firebase:firebase-firestore:24.4.0] AndroidManifest.xml:13:5-67
15-->[com.google.firebase:firebase-firestore:24.4.0] AndroidManifest.xml:13:22-64
16    <uses-permission android:name="com.google.android.gms.permission.AD_ID" />
16-->[com.google.android.gms:play-services-measurement-api:21.2.0] AndroidManifest.xml:25:5-79
16-->[com.google.android.gms:play-services-measurement-api:21.2.0] AndroidManifest.xml:25:22-76
17    <uses-permission android:name="com.google.android.finsky.permission.BIND_GET_INSTALL_REFERRER_SERVICE" />
17-->[com.google.android.gms:play-services-measurement:21.2.0] AndroidManifest.xml:26:5-110
17-->[com.google.android.gms:play-services-measurement:21.2.0] AndroidManifest.xml:26:22-107
18
19    <application
19-->src\main\AndroidManifest.xml:5:5-56:19
20        android:allowBackup="true"
20-->src\main\AndroidManifest.xml:6:9-35
21        android:appComponentFactory="androidx.core.app.CoreComponentFactory"
21-->[androidx.core:core:1.8.0] AndroidManifest.xml:24:18-86
22        android:debuggable="true"
23        android:extractNativeLibs="false"
24        android:icon="@mipmap/ic_launcher"
24-->src\main\AndroidManifest.xml:7:9-43
25        android:label="@string/app_name"
25-->src\main\AndroidManifest.xml:8:9-41
26        android:roundIcon="@mipmap/ic_launcher_round"
26-->src\main\AndroidManifest.xml:9:9-54
27        android:supportsRtl="true"
27-->src\main\AndroidManifest.xml:10:9-35
28        android:testOnly="true"
29        android:theme="@style/Theme.Osiris_test2" >
29-->src\main\AndroidManifest.xml:11:9-50
30        <activity
30-->src\main\AndroidManifest.xml:13:9-19:20
31            android:name="com.example.osiris_test2.QuestionsActivity"
31-->src\main\AndroidManifest.xml:14:13-46
32            android:exported="false" >
32-->src\main\AndroidManifest.xml:15:13-37
33            <meta-data
33-->src\main\AndroidManifest.xml:16:13-18:36
34                android:name="android.app.lib_name"
34-->src\main\AndroidManifest.xml:17:17-52
35                android:value="" />
35-->src\main\AndroidManifest.xml:18:17-33
36        </activity>
37        <activity
37-->src\main\AndroidManifest.xml:20:9-26:20
38            android:name="com.example.osiris_test2.activities.CreateTestActivity"
38-->src\main\AndroidManifest.xml:21:13-58
39            android:exported="false" >
39-->src\main\AndroidManifest.xml:22:13-37
40            <meta-data
40-->src\main\AndroidManifest.xml:16:13-18:36
41                android:name="android.app.lib_name"
41-->src\main\AndroidManifest.xml:17:17-52
42                android:value="" />
42-->src\main\AndroidManifest.xml:18:17-33
43        </activity>
44        <activity
44-->src\main\AndroidManifest.xml:27:9-33:20
45            android:name="com.example.osiris_test2.activities.MainActivity2"
45-->src\main\AndroidManifest.xml:28:13-53
46            android:exported="false" >
46-->src\main\AndroidManifest.xml:29:13-37
47            <meta-data
47-->src\main\AndroidManifest.xml:16:13-18:36
48                android:name="android.app.lib_name"
48-->src\main\AndroidManifest.xml:17:17-52
49                android:value="" />
49-->src\main\AndroidManifest.xml:18:17-33
50        </activity>
51        <activity
51-->src\main\AndroidManifest.xml:34:9-36:58
52            android:name="com.example.osiris_test2.activities.SignUpActivity"
52-->src\main\AndroidManifest.xml:35:13-54
53            android:windowSoftInputMode="adjustResize" />
53-->src\main\AndroidManifest.xml:36:13-55
54        <activity
54-->src\main\AndroidManifest.xml:37:9-46:20
55            android:name="com.example.osiris_test2.activities.SignInActivity"
55-->src\main\AndroidManifest.xml:38:13-54
56            android:exported="true"
56-->src\main\AndroidManifest.xml:39:13-36
57            android:windowSoftInputMode="adjustResize" >
57-->src\main\AndroidManifest.xml:40:13-55
58            <intent-filter>
58-->src\main\AndroidManifest.xml:41:13-45:29
59                <action android:name="android.intent.action.MAIN" />
59-->src\main\AndroidManifest.xml:42:17-69
59-->src\main\AndroidManifest.xml:42:25-66
60
61                <category android:name="android.intent.category.LAUNCHER" />
61-->src\main\AndroidManifest.xml:44:17-77
61-->src\main\AndroidManifest.xml:44:27-74
62            </intent-filter>
63        </activity>
64        <activity android:name="com.example.osiris_test2.activities.MainActivity" />
64-->src\main\AndroidManifest.xml:47:9-61
64-->src\main\AndroidManifest.xml:47:19-58
65
66        <service
66-->src\main\AndroidManifest.xml:49:9-55:19
67            android:name="com.example.osiris_test2.firebase.MessagingService"
67-->src\main\AndroidManifest.xml:50:13-54
68            android:exported="false" >
68-->src\main\AndroidManifest.xml:51:13-37
69            <intent-filter>
69-->src\main\AndroidManifest.xml:52:13-54:29
70                <action android:name="com.google.firebase.MESSAGING_EVENT" />
70-->src\main\AndroidManifest.xml:53:17-78
70-->src\main\AndroidManifest.xml:53:25-75
71            </intent-filter>
72        </service>
73
74        <receiver
74-->[com.google.firebase:firebase-messaging:23.1.0] AndroidManifest.xml:31:9-38:20
75            android:name="com.google.firebase.iid.FirebaseInstanceIdReceiver"
75-->[com.google.firebase:firebase-messaging:23.1.0] AndroidManifest.xml:32:13-78
76            android:exported="true"
76-->[com.google.firebase:firebase-messaging:23.1.0] AndroidManifest.xml:33:13-36
77            android:permission="com.google.android.c2dm.permission.SEND" >
77-->[com.google.firebase:firebase-messaging:23.1.0] AndroidManifest.xml:34:13-73
78            <intent-filter>
78-->[com.google.firebase:firebase-messaging:23.1.0] AndroidManifest.xml:35:13-37:29
79                <action android:name="com.google.android.c2dm.intent.RECEIVE" />
79-->[com.google.firebase:firebase-messaging:23.1.0] AndroidManifest.xml:36:17-81
79-->[com.google.firebase:firebase-messaging:23.1.0] AndroidManifest.xml:36:25-78
80            </intent-filter>
81        </receiver>
82        <!--
83             FirebaseMessagingService performs security checks at runtime,
84             but set to not exported to explicitly avoid allowing another app to call it.
85        -->
86        <service
86-->[com.google.firebase:firebase-messaging:23.1.0] AndroidManifest.xml:44:9-51:19
87            android:name="com.google.firebase.messaging.FirebaseMessagingService"
87-->[com.google.firebase:firebase-messaging:23.1.0] AndroidManifest.xml:45:13-82
88            android:directBootAware="true"
88-->[com.google.firebase:firebase-messaging:23.1.0] AndroidManifest.xml:46:13-43
89            android:exported="false" >
89-->[com.google.firebase:firebase-messaging:23.1.0] AndroidManifest.xml:47:13-37
90            <intent-filter android:priority="-500" >
90-->src\main\AndroidManifest.xml:52:13-54:29
91                <action android:name="com.google.firebase.MESSAGING_EVENT" />
91-->src\main\AndroidManifest.xml:53:17-78
91-->src\main\AndroidManifest.xml:53:25-75
92            </intent-filter>
93        </service>
94        <service
94-->[com.google.firebase:firebase-messaging:23.1.0] AndroidManifest.xml:52:9-58:19
95            android:name="com.google.firebase.components.ComponentDiscoveryService"
95-->[com.google.firebase:firebase-messaging:23.1.0] AndroidManifest.xml:53:13-84
96            android:directBootAware="true"
96-->[com.google.firebase:firebase-common:20.2.0] AndroidManifest.xml:34:13-43
97            android:exported="false" >
97-->[com.google.firebase:firebase-messaging:23.1.0] AndroidManifest.xml:54:13-37
98            <meta-data
98-->[com.google.firebase:firebase-messaging:23.1.0] AndroidManifest.xml:55:13-57:85
99                android:name="com.google.firebase.components:com.google.firebase.messaging.FirebaseMessagingRegistrar"
99-->[com.google.firebase:firebase-messaging:23.1.0] AndroidManifest.xml:56:17-119
100                android:value="com.google.firebase.components.ComponentRegistrar" />
100-->[com.google.firebase:firebase-messaging:23.1.0] AndroidManifest.xml:57:17-82
101            <meta-data
101-->[com.google.firebase:firebase-firestore:24.4.0] AndroidManifest.xml:19:13-21:85
102                android:name="com.google.firebase.components:com.google.firebase.firestore.FirestoreRegistrar"
102-->[com.google.firebase:firebase-firestore:24.4.0] AndroidManifest.xml:20:17-111
103                android:value="com.google.firebase.components.ComponentRegistrar" />
103-->[com.google.firebase:firebase-firestore:24.4.0] AndroidManifest.xml:21:17-82
104            <meta-data
104-->[com.google.firebase:firebase-datatransport:18.1.7] AndroidManifest.xml:27:13-29:85
105                android:name="com.google.firebase.components:com.google.firebase.datatransport.TransportRegistrar"
105-->[com.google.firebase:firebase-datatransport:18.1.7] AndroidManifest.xml:28:17-115
106                android:value="com.google.firebase.components.ComponentRegistrar" />
106-->[com.google.firebase:firebase-datatransport:18.1.7] AndroidManifest.xml:29:17-82
107            <meta-data
107-->[com.google.android.gms:play-services-measurement-api:21.2.0] AndroidManifest.xml:31:13-33:85
108                android:name="com.google.firebase.components:com.google.firebase.analytics.connector.internal.AnalyticsConnectorRegistrar"
108-->[com.google.android.gms:play-services-measurement-api:21.2.0] AndroidManifest.xml:32:17-139
109                android:value="com.google.firebase.components.ComponentRegistrar" />
109-->[com.google.android.gms:play-services-measurement-api:21.2.0] AndroidManifest.xml:33:17-82
110            <meta-data
110-->[com.google.firebase:firebase-installations:17.1.0] AndroidManifest.xml:17:13-19:85
111                android:name="com.google.firebase.components:com.google.firebase.installations.FirebaseInstallationsRegistrar"
111-->[com.google.firebase:firebase-installations:17.1.0] AndroidManifest.xml:18:17-127
112                android:value="com.google.firebase.components.ComponentRegistrar" />
112-->[com.google.firebase:firebase-installations:17.1.0] AndroidManifest.xml:19:17-82
113        </service>
114        <service
114-->[com.google.android.datatransport:transport-backend-cct:3.1.8] AndroidManifest.xml:28:9-34:19
115            android:name="com.google.android.datatransport.runtime.backends.TransportBackendDiscovery"
115-->[com.google.android.datatransport:transport-backend-cct:3.1.8] AndroidManifest.xml:29:13-103
116            android:exported="false" >
116-->[com.google.android.datatransport:transport-backend-cct:3.1.8] AndroidManifest.xml:30:13-37
117            <meta-data
117-->[com.google.android.datatransport:transport-backend-cct:3.1.8] AndroidManifest.xml:31:13-33:39
118                android:name="backend:com.google.android.datatransport.cct.CctBackendFactory"
118-->[com.google.android.datatransport:transport-backend-cct:3.1.8] AndroidManifest.xml:32:17-94
119                android:value="cct" />
119-->[com.google.android.datatransport:transport-backend-cct:3.1.8] AndroidManifest.xml:33:17-36
120        </service>
121        <service
121-->[com.google.android.datatransport:transport-runtime:3.1.8] AndroidManifest.xml:26:9-30:19
122            android:name="com.google.android.datatransport.runtime.scheduling.jobscheduling.JobInfoSchedulerService"
122-->[com.google.android.datatransport:transport-runtime:3.1.8] AndroidManifest.xml:27:13-117
123            android:exported="false"
123-->[com.google.android.datatransport:transport-runtime:3.1.8] AndroidManifest.xml:28:13-37
124            android:permission="android.permission.BIND_JOB_SERVICE" >
124-->[com.google.android.datatransport:transport-runtime:3.1.8] AndroidManifest.xml:29:13-69
125        </service>
126
127        <receiver
127-->[com.google.android.datatransport:transport-runtime:3.1.8] AndroidManifest.xml:32:9-34:40
128            android:name="com.google.android.datatransport.runtime.scheduling.jobscheduling.AlarmManagerSchedulerBroadcastReceiver"
128-->[com.google.android.datatransport:transport-runtime:3.1.8] AndroidManifest.xml:33:13-132
129            android:exported="false" />
129-->[com.google.android.datatransport:transport-runtime:3.1.8] AndroidManifest.xml:34:13-37
130
131        <provider
131-->[com.google.firebase:firebase-common:20.2.0] AndroidManifest.xml:25:9-30:39
132            android:name="com.google.firebase.provider.FirebaseInitProvider"
132-->[com.google.firebase:firebase-common:20.2.0] AndroidManifest.xml:26:13-77
133            android:authorities="com.example.osiris_test2.firebaseinitprovider"
133-->[com.google.firebase:firebase-common:20.2.0] AndroidManifest.xml:27:13-72
134            android:directBootAware="true"
134-->[com.google.firebase:firebase-common:20.2.0] AndroidManifest.xml:28:13-43
135            android:exported="false"
135-->[com.google.firebase:firebase-common:20.2.0] AndroidManifest.xml:29:13-37
136            android:initOrder="100" />
136-->[com.google.firebase:firebase-common:20.2.0] AndroidManifest.xml:30:13-36
137
138        <activity
138-->[com.google.android.gms:play-services-base:18.0.1] AndroidManifest.xml:20:9-22:45
139            android:name="com.google.android.gms.common.api.GoogleApiActivity"
139-->[com.google.android.gms:play-services-base:18.0.1] AndroidManifest.xml:20:19-85
140            android:exported="false"
140-->[com.google.android.gms:play-services-base:18.0.1] AndroidManifest.xml:22:19-43
141            android:theme="@android:style/Theme.Translucent.NoTitleBar" />
141-->[com.google.android.gms:play-services-base:18.0.1] AndroidManifest.xml:21:19-78
142
143        <receiver
143-->[com.google.android.gms:play-services-measurement:21.2.0] AndroidManifest.xml:29:9-33:20
144            android:name="com.google.android.gms.measurement.AppMeasurementReceiver"
144-->[com.google.android.gms:play-services-measurement:21.2.0] AndroidManifest.xml:30:13-85
145            android:enabled="true"
145-->[com.google.android.gms:play-services-measurement:21.2.0] AndroidManifest.xml:31:13-35
146            android:exported="false" >
146-->[com.google.android.gms:play-services-measurement:21.2.0] AndroidManifest.xml:32:13-37
147        </receiver>
148
149        <service
149-->[com.google.android.gms:play-services-measurement:21.2.0] AndroidManifest.xml:35:9-38:40
150            android:name="com.google.android.gms.measurement.AppMeasurementService"
150-->[com.google.android.gms:play-services-measurement:21.2.0] AndroidManifest.xml:36:13-84
151            android:enabled="true"
151-->[com.google.android.gms:play-services-measurement:21.2.0] AndroidManifest.xml:37:13-35
152            android:exported="false" />
152-->[com.google.android.gms:play-services-measurement:21.2.0] AndroidManifest.xml:38:13-37
153        <service
153-->[com.google.android.gms:play-services-measurement:21.2.0] AndroidManifest.xml:39:9-43:72
154            android:name="com.google.android.gms.measurement.AppMeasurementJobService"
154-->[com.google.android.gms:play-services-measurement:21.2.0] AndroidManifest.xml:40:13-87
155            android:enabled="true"
155-->[com.google.android.gms:play-services-measurement:21.2.0] AndroidManifest.xml:41:13-35
156            android:exported="false"
156-->[com.google.android.gms:play-services-measurement:21.2.0] AndroidManifest.xml:42:13-37
157            android:permission="android.permission.BIND_JOB_SERVICE" />
157-->[com.google.android.gms:play-services-measurement:21.2.0] AndroidManifest.xml:43:13-69
158
159        <meta-data
159-->[com.google.android.gms:play-services-basement:18.1.0] AndroidManifest.xml:21:9-23:69
160            android:name="com.google.android.gms.version"
160-->[com.google.android.gms:play-services-basement:18.1.0] AndroidManifest.xml:22:13-58
161            android:value="@integer/google_play_services_version" />
161-->[com.google.android.gms:play-services-basement:18.1.0] AndroidManifest.xml:23:13-66
162
163        <provider
163-->[androidx.emoji2:emoji2:1.2.0] AndroidManifest.xml:24:9-32:20
164            android:name="androidx.startup.InitializationProvider"
164-->[androidx.emoji2:emoji2:1.2.0] AndroidManifest.xml:25:13-67
165            android:authorities="com.example.osiris_test2.androidx-startup"
165-->[androidx.emoji2:emoji2:1.2.0] AndroidManifest.xml:26:13-68
166            android:exported="false" >
166-->[androidx.emoji2:emoji2:1.2.0] AndroidManifest.xml:27:13-37
167            <meta-data
167-->[androidx.emoji2:emoji2:1.2.0] AndroidManifest.xml:29:13-31:52
168                android:name="androidx.emoji2.text.EmojiCompatInitializer"
168-->[androidx.emoji2:emoji2:1.2.0] AndroidManifest.xml:30:17-75
169                android:value="androidx.startup" />
169-->[androidx.emoji2:emoji2:1.2.0] AndroidManifest.xml:31:17-49
170            <meta-data
170-->[androidx.lifecycle:lifecycle-process:2.4.1] AndroidManifest.xml:31:13-33:52
171                android:name="androidx.lifecycle.ProcessLifecycleInitializer"
171-->[androidx.lifecycle:lifecycle-process:2.4.1] AndroidManifest.xml:32:17-78
172                android:value="androidx.startup" />
172-->[androidx.lifecycle:lifecycle-process:2.4.1] AndroidManifest.xml:33:17-49
173        </provider>
174
175        <uses-library
175-->[androidx.window:window:1.0.0] AndroidManifest.xml:25:9-27:40
176            android:name="androidx.window.extensions"
176-->[androidx.window:window:1.0.0] AndroidManifest.xml:26:13-54
177            android:required="false" />
177-->[androidx.window:window:1.0.0] AndroidManifest.xml:27:13-37
178        <uses-library
178-->[androidx.window:window:1.0.0] AndroidManifest.xml:28:9-30:40
179            android:name="androidx.window.sidecar"
179-->[androidx.window:window:1.0.0] AndroidManifest.xml:29:13-51
180            android:required="false" />
180-->[androidx.window:window:1.0.0] AndroidManifest.xml:30:13-37
181    </application>
182
183</manifest>